# JRE version: OpenJDK Runtime Environment (11.0.13) (build 11.0.13+0-b1751.21-8125866)
# Java VM: OpenJDK 64-Bit Server VM (11.0.13+0-b1751.21-8125866, mixed mode, tiered, compressed oops, g1 gc, windows-amd64)
Heap:
 garbage-first heap   total 248832K, used 137216K [0x0000000080000000, 0x0000000100000000)
  region size 1024K, 14 young (14336K), 6 survivors (6144K)
 Metaspace       used 108633K, capacity 111529K, committed 111680K, reserved 1146880K
  class space    used 13626K, capacity 14681K, committed 14796K, reserved 1048576K
GC Heap History (20 events):
Event: 18.840 GC heap before
{Heap before GC invocations=20 (full 0):
 garbage-first heap   total 172032K, used 136547K [0x0000000080000000, 0x0000000100000000)
  region size 1024K, 74 young (75776K), 10 survivors (10240K)
 Metaspace       used 83437K, capacity 85253K, committed 85328K, reserved 1124352K
  class space    used 10757K, capacity 11437K, committed 11468K, reserved 1048576K
}
Event: 18.869 GC heap after
{Heap after GC invocations=21 (full 0):
 garbage-first heap   total 206848K, used 75181K [0x0000000080000000, 0x0000000100000000)
  region size 1024K, 9 young (9216K), 9 survivors (9216K)
 Metaspace       used 83437K, capacity 85253K, committed 85328K, reserved 1124352K
  class space    used 10757K, capacity 11437K, committed 11468K, reserved 1048576K
}
Event: 21.398 GC heap before
{Heap before GC invocations=21 (full 0):
 garbage-first heap   total 206848K, used 155053K [0x0000000080000000, 0x0000000100000000)
  region size 1024K, 88 young (90112K), 9 survivors (9216K)
 Metaspace       used 86972K, capacity 89169K, committed 89296K, reserved 1126400K
  class space    used 11242K, capacity 12061K, committed 12108K, reserved 1048576K
}
Event: 21.429 GC heap after
{Heap after GC invocations=22 (full 0):
 garbage-first heap   total 206848K, used 82131K [0x0000000080000000, 0x0000000100000000)
  region size 1024K, 11 young (11264K), 11 survivors (11264K)
 Metaspace       used 86972K, capacity 89169K, committed 89296K, reserved 1126400K
  class space    used 11242K, capacity 12061K, committed 12108K, reserved 1048576K
}
Event: 22.682 GC heap before
{Heap before GC invocations=22 (full 0):
 garbage-first heap   total 206848K, used 158931K [0x0000000080000000, 0x0000000100000000)
  region size 1024K, 87 young (89088K), 11 survivors (11264K)
 Metaspace       used 87469K, capacity 89621K, committed 89936K, reserved 1126400K
  class space    used 11261K, capacity 12106K, committed 12236K, reserved 1048576K
}
Event: 22.710 GC heap after
{Heap after GC invocations=23 (full 0):
 garbage-first heap   total 206848K, used 88191K [0x0000000080000000, 0x0000000100000000)
  region size 1024K, 7 young (7168K), 7 survivors (7168K)
 Metaspace       used 87469K, capacity 89621K, committed 89936K, reserved 1126400K
  class space    used 11261K, capacity 12106K, committed 12236K, reserved 1048576K
}
Event: 23.758 GC heap before
{Heap before GC invocations=23 (full 0):
 garbage-first heap   total 206848K, used 162943K [0x0000000080000000, 0x0000000100000000)
  region size 1024K, 81 young (82944K), 7 survivors (7168K)
 Metaspace       used 87898K, capacity 90195K, committed 90448K, reserved 1128448K
  class space    used 11299K, capacity 12129K, committed 12236K, reserved 1048576K
}
Event: 23.779 GC heap after
{Heap after GC invocations=24 (full 0):
 garbage-first heap   total 206848K, used 92117K [0x0000000080000000, 0x0000000100000000)
  region size 1024K, 11 young (11264K), 11 survivors (11264K)
 Metaspace       used 87898K, capacity 90195K, committed 90448K, reserved 1128448K
  class space    used 11299K, capacity 12129K, committed 12236K, reserved 1048576K
}
Event: 24.721 GC heap before
{Heap before GC invocations=24 (full 0):
 garbage-first heap   total 206848K, used 164821K [0x0000000080000000, 0x0000000100000000)
  region size 1024K, 83 young (84992K), 11 survivors (11264K)
 Metaspace       used 89338K, capacity 91593K, committed 91728K, reserved 1128448K
  class space    used 11509K, capacity 12357K, committed 12492K, reserved 1048576K
}
Event: 24.753 GC heap after
{Heap after GC invocations=25 (full 0):
 garbage-first heap   total 206848K, used 96092K [0x0000000080000000, 0x0000000100000000)
  region size 1024K, 9 young (9216K), 9 survivors (9216K)
 Metaspace       used 89338K, capacity 91593K, committed 91728K, reserved 1128448K
  class space    used 11509K, capacity 12357K, committed 12492K, reserved 1048576K
}
Event: 25.920 GC heap before
{Heap before GC invocations=25 (full 0):
 garbage-first heap   total 206848K, used 168796K [0x0000000080000000, 0x0000000100000000)
  region size 1024K, 80 young (81920K), 9 survivors (9216K)
 Metaspace       used 94080K, capacity 96354K, committed 96592K, reserved 1132544K
  class space    used 12074K, capacity 12918K, committed 13004K, reserved 1048576K
}
Event: 25.945 GC heap after
{Heap after GC invocations=26 (full 0):
 garbage-first heap   total 248832K, used 100196K [0x0000000080000000, 0x0000000100000000)
  region size 1024K, 8 young (8192K), 8 survivors (8192K)
 Metaspace       used 94080K, capacity 96354K, committed 96592K, reserved 1132544K
  class space    used 12074K, capacity 12918K, committed 13004K, reserved 1048576K
}
Event: 27.627 GC heap before
{Heap before GC invocations=26 (full 0):
 garbage-first heap   total 248832K, used 191332K [0x0000000080000000, 0x0000000100000000)
  region size 1024K, 98 young (100352K), 8 survivors (8192K)
 Metaspace       used 96747K, capacity 99282K, committed 99408K, reserved 1134592K
  class space    used 12461K, capacity 13427K, committed 13516K, reserved 1048576K
}
Event: 27.651 GC heap after
{Heap after GC invocations=27 (full 0):
 garbage-first heap   total 248832K, used 104956K [0x0000000080000000, 0x0000000100000000)
  region size 1024K, 9 young (9216K), 9 survivors (9216K)
 Metaspace       used 96747K, capacity 99282K, committed 99408K, reserved 1134592K
  class space    used 12461K, capacity 13427K, committed 13516K, reserved 1048576K
}
Event: 30.461 GC heap before
{Heap before GC invocations=27 (full 0):
 garbage-first heap   total 248832K, used 200188K [0x0000000080000000, 0x0000000100000000)
  region size 1024K, 101 young (103424K), 9 survivors (9216K)
 Metaspace       used 97348K, capacity 99898K, committed 100176K, reserved 1136640K
  class space    used 12528K, capacity 13455K, committed 13516K, reserved 1048576K
}
Event: 30.490 GC heap after
{Heap after GC invocations=28 (full 0):
 garbage-first heap   total 248832K, used 108886K [0x0000000080000000, 0x0000000100000000)
  region size 1024K, 9 young (9216K), 9 survivors (9216K)
 Metaspace       used 97348K, capacity 99898K, committed 100176K, reserved 1136640K
  class space    used 12528K, capacity 13455K, committed 13516K, reserved 1048576K
}
Event: 33.600 GC heap before
{Heap before GC invocations=28 (full 0):
 garbage-first heap   total 248832K, used 210262K [0x0000000080000000, 0x0000000100000000)
  region size 1024K, 101 young (103424K), 9 survivors (9216K)
 Metaspace       used 105461K, capacity 108247K, committed 108368K, reserved 1142784K
  class space    used 13393K, capacity 14424K, committed 14540K, reserved 1048576K
}
Event: 33.627 GC heap after
{Heap after GC invocations=29 (full 0):
 garbage-first heap   total 248832K, used 120832K [0x0000000080000000, 0x0000000100000000)
  region size 1024K, 13 young (13312K), 13 survivors (13312K)
 Metaspace       used 105461K, capacity 108247K, committed 108368K, reserved 1142784K
  class space    used 13393K, capacity 14424K, committed 14540K, reserved 1048576K
}
Event: 34.396 GC heap before
{Heap before GC invocations=29 (full 0):
 garbage-first heap   total 248832K, used 151552K [0x0000000080000000, 0x0000000100000000)
  region size 1024K, 42 young (43008K), 13 survivors (13312K)
 Metaspace       used 107638K, capacity 110387K, committed 110428K, reserved 1144832K
  class space    used 13591K, capacity 14645K, committed 14668K, reserved 1048576K
}
Event: 34.450 GC heap after
{Heap after GC invocations=30 (full 0):
 garbage-first heap   total 248832K, used 130048K [0x0000000080000000, 0x0000000100000000)
  region size 1024K, 6 young (6144K), 6 survivors (6144K)
 Metaspace       used 107638K, capacity 110387K, committed 110428K, reserved 1144832K
  class space    used 13591K, capacity 14645K, committed 14668K, reserved 1048576K
}

