# JRE version: OpenJDK Runtime Environment (11.0.13) (build 11.0.13+0-b1751.21-8125866)
# Java VM: OpenJDK 64-Bit Server VM (11.0.13+0-b1751.21-8125866, mixed mode, tiered, compressed oops, g1 gc, windows-amd64)
Heap:
 garbage-first heap   total 249856K, used 161615K [0x0000000080000000, 0x0000000100000000)
  region size 1024K, 9 young (9216K), 6 survivors (6144K)
 Metaspace       used 130237K, capacity 133599K, committed 133712K, reserved 1167360K
  class space    used 15564K, capacity 16825K, committed 16844K, reserved 1048576K
GC Heap History (20 events):
Event: 5031.159 GC heap before
{Heap before GC invocations=127 (full 0):
 garbage-first heap   total 249856K, used 135157K [0x0000000080000000, 0x0000000100000000)
  region size 1024K, 16 young (16384K), 1 survivors (1024K)
 Metaspace       used 117293K, capacity 120145K, committed 120400K, reserved 1155072K
  class space    used 14202K, capacity 15272K, committed 15308K, reserved 1048576K
}
Event: 5031.176 GC heap after
{Heap after GC invocations=128 (full 0):
 garbage-first heap   total 249856K, used 120973K [0x0000000080000000, 0x0000000100000000)
  region size 1024K, 1 young (1024K), 1 survivors (1024K)
 Metaspace       used 117293K, capacity 120145K, committed 120400K, reserved 1155072K
  class space    used 14202K, capacity 15272K, committed 15308K, reserved 1048576K
}
Event: 5033.979 GC heap before
{Heap before GC invocations=129 (full 0):
 garbage-first heap   total 249856K, used 203917K [0x0000000080000000, 0x0000000100000000)
  region size 1024K, 72 young (73728K), 1 survivors (1024K)
 Metaspace       used 124419K, capacity 127557K, committed 127696K, reserved 1161216K
  class space    used 14972K, capacity 16086K, committed 16204K, reserved 1048576K
}
Event: 5033.986 GC heap after
{Heap after GC invocations=130 (full 0):
 garbage-first heap   total 249856K, used 127794K [0x0000000080000000, 0x0000000100000000)
  region size 1024K, 4 young (4096K), 4 survivors (4096K)
 Metaspace       used 124419K, capacity 127557K, committed 127696K, reserved 1161216K
  class space    used 14972K, capacity 16086K, committed 16204K, reserved 1048576K
}
Event: 5034.265 GC heap before
{Heap before GC invocations=130 (full 0):
 garbage-first heap   total 249856K, used 134962K [0x0000000080000000, 0x0000000100000000)
  region size 1024K, 12 young (12288K), 4 survivors (4096K)
 Metaspace       used 125329K, capacity 128415K, committed 128592K, reserved 1161216K
  class space    used 15066K, capacity 16201K, committed 16332K, reserved 1048576K
}
Event: 5034.278 GC heap after
{Heap after GC invocations=131 (full 0):
 garbage-first heap   total 249856K, used 128447K [0x0000000080000000, 0x0000000100000000)
  region size 1024K, 2 young (2048K), 2 survivors (2048K)
 Metaspace       used 125329K, capacity 128415K, committed 128592K, reserved 1161216K
  class space    used 15066K, capacity 16201K, committed 16332K, reserved 1048576K
}
Event: 5035.353 GC heap before
{Heap before GC invocations=131 (full 0):
 garbage-first heap   total 249856K, used 145855K [0x0000000080000000, 0x0000000100000000)
  region size 1024K, 20 young (20480K), 2 survivors (2048K)
 Metaspace       used 125392K, capacity 128543K, committed 128848K, reserved 1161216K
  class space    used 15067K, capacity 16201K, committed 16332K, reserved 1048576K
}
Event: 5035.363 GC heap after
{Heap after GC invocations=132 (full 0):
 garbage-first heap   total 249856K, used 133353K [0x0000000080000000, 0x0000000100000000)
  region size 1024K, 7 young (7168K), 7 survivors (7168K)
 Metaspace       used 125392K, capacity 128543K, committed 128848K, reserved 1161216K
  class space    used 15067K, capacity 16201K, committed 16332K, reserved 1048576K
}
Event: 5054.629 GC heap before
{Heap before GC invocations=133 (full 0):
 garbage-first heap   total 249856K, used 187625K [0x0000000080000000, 0x0000000100000000)
  region size 1024K, 57 young (58368K), 7 survivors (7168K)
 Metaspace       used 128595K, capacity 131810K, committed 131920K, reserved 1165312K
  class space    used 15301K, capacity 16494K, committed 16588K, reserved 1048576K
}
Event: 5054.642 GC heap after
{Heap after GC invocations=134 (full 0):
 garbage-first heap   total 249856K, used 136262K [0x0000000080000000, 0x0000000100000000)
  region size 1024K, 5 young (5120K), 5 survivors (5120K)
 Metaspace       used 128595K, capacity 131810K, committed 131920K, reserved 1165312K
  class space    used 15301K, capacity 16494K, committed 16588K, reserved 1048576K
}
Event: 5054.918 GC heap before
{Heap before GC invocations=134 (full 0):
 garbage-first heap   total 249856K, used 142406K [0x0000000080000000, 0x0000000100000000)
  region size 1024K, 12 young (12288K), 5 survivors (5120K)
 Metaspace       used 128728K, capacity 131974K, committed 132176K, reserved 1165312K
  class space    used 15315K, capacity 16527K, committed 16588K, reserved 1048576K
}
Event: 5054.935 GC heap after
{Heap after GC invocations=135 (full 0):
 garbage-first heap   total 249856K, used 135892K [0x0000000080000000, 0x0000000100000000)
  region size 1024K, 1 young (1024K), 1 survivors (1024K)
 Metaspace       used 128728K, capacity 131974K, committed 132176K, reserved 1165312K
  class space    used 15315K, capacity 16527K, committed 16588K, reserved 1048576K
}
Event: 5055.700 GC heap before
{Heap before GC invocations=135 (full 0):
 garbage-first heap   total 249856K, used 188116K [0x0000000080000000, 0x0000000100000000)
  region size 1024K, 53 young (54272K), 1 survivors (1024K)
 Metaspace       used 129566K, capacity 132868K, committed 133072K, reserved 1165312K
  class space    used 15399K, capacity 16612K, committed 16716K, reserved 1048576K
}
Event: 5055.720 GC heap after
{Heap after GC invocations=136 (full 0):
 garbage-first heap   total 249856K, used 138690K [0x0000000080000000, 0x0000000100000000)
  region size 1024K, 4 young (4096K), 4 survivors (4096K)
 Metaspace       used 129566K, capacity 132868K, committed 133072K, reserved 1165312K
  class space    used 15399K, capacity 16612K, committed 16716K, reserved 1048576K
}
Event: 5057.287 GC heap before
{Heap before GC invocations=137 (full 0):
 garbage-first heap   total 249856K, used 193986K [0x0000000080000000, 0x0000000100000000)
  region size 1024K, 57 young (58368K), 4 survivors (4096K)
 Metaspace       used 128468K, capacity 131902K, committed 133328K, reserved 1165312K
  class space    used 15369K, capacity 16630K, committed 16716K, reserved 1048576K
}
Event: 5057.317 GC heap after
{Heap after GC invocations=138 (full 0):
 garbage-first heap   total 249856K, used 151304K [0x0000000080000000, 0x0000000100000000)
  region size 1024K, 8 young (8192K), 8 survivors (8192K)
 Metaspace       used 128468K, capacity 131902K, committed 133328K, reserved 1165312K
  class space    used 15369K, capacity 16630K, committed 16716K, reserved 1048576K
}
Event: 5057.506 GC heap before
{Heap before GC invocations=138 (full 0):
 garbage-first heap   total 249856K, used 155400K [0x0000000080000000, 0x0000000100000000)
  region size 1024K, 12 young (12288K), 8 survivors (8192K)
 Metaspace       used 128468K, capacity 131902K, committed 133328K, reserved 1165312K
  class space    used 15369K, capacity 16630K, committed 16716K, reserved 1048576K
}
Event: 5057.537 GC heap after
{Heap after GC invocations=139 (full 0):
 garbage-first heap   total 249856K, used 149096K [0x0000000080000000, 0x0000000100000000)
  region size 1024K, 2 young (2048K), 2 survivors (2048K)
 Metaspace       used 128468K, capacity 131902K, committed 133328K, reserved 1165312K
  class space    used 15369K, capacity 16630K, committed 16716K, reserved 1048576K
}
Event: 5059.398 GC heap before
{Heap before GC invocations=139 (full 0):
 garbage-first heap   total 249856K, used 194152K [0x0000000080000000, 0x0000000100000000)
  region size 1024K, 47 young (48128K), 2 survivors (2048K)
 Metaspace       used 129929K, capacity 133331K, committed 133456K, reserved 1165312K
  class space    used 15513K, capacity 16784K, committed 16844K, reserved 1048576K
}
Event: 5059.418 GC heap after
{Heap after GC invocations=140 (full 0):
 garbage-first heap   total 249856K, used 153423K [0x0000000080000000, 0x0000000100000000)
  region size 1024K, 6 young (6144K), 6 survivors (6144K)
 Metaspace       used 129929K, capacity 133331K, committed 133456K, reserved 1165312K
  class space    used 15513K, capacity 16784K, committed 16844K, reserved 1048576K
}

