# JRE version: OpenJDK Runtime Environment (11.0.13) (build 11.0.13+0-b1751.21-8125866)
# Java VM: OpenJDK 64-Bit Server VM (11.0.13+0-b1751.21-8125866, mixed mode, tiered, compressed oops, g1 gc, windows-amd64)
Heap:
 garbage-first heap   total 248832K, used 120974K [0x0000000080000000, 0x0000000100000000)
  region size 1024K, 5 young (5120K), 4 survivors (4096K)
 Metaspace       used 79350K, capacity 81301K, committed 81564K, reserved 1120256K
  class space    used 10248K, capacity 10932K, committed 11008K, reserved 1048576K
GC Heap History (20 events):
Event: 21.248 GC heap before
{Heap before GC invocations=26 (full 0):
 garbage-first heap   total 143360K, used 116484K [0x0000000080000000, 0x0000000100000000)
  region size 1024K, 21 young (21504K), 2 survivors (2048K)
 Metaspace       used 60616K, capacity 62419K, committed 62620K, reserved 1103872K
  class space    used 7694K, capacity 8335K, committed 8448K, reserved 1048576K
}
Event: 21.256 GC heap after
{Heap after GC invocations=27 (full 0):
 garbage-first heap   total 143360K, used 97913K [0x0000000080000000, 0x0000000100000000)
  region size 1024K, 3 young (3072K), 3 survivors (3072K)
 Metaspace       used 60616K, capacity 62419K, committed 62620K, reserved 1103872K
  class space    used 7694K, capacity 8335K, committed 8448K, reserved 1048576K
}
Event: 21.883 GC heap before
{Heap before GC invocations=28 (full 0):
 garbage-first heap   total 143360K, used 116345K [0x0000000080000000, 0x0000000100000000)
  region size 1024K, 22 young (22528K), 3 survivors (3072K)
 Metaspace       used 62549K, capacity 64373K, committed 64668K, reserved 1105920K
  class space    used 7917K, capacity 8581K, committed 8704K, reserved 1048576K
}
Event: 21.910 GC heap after
{Heap after GC invocations=29 (full 0):
 garbage-first heap   total 172032K, used 102819K [0x0000000080000000, 0x0000000100000000)
  region size 1024K, 3 young (3072K), 3 survivors (3072K)
 Metaspace       used 62549K, capacity 64373K, committed 64668K, reserved 1105920K
  class space    used 7917K, capacity 8581K, committed 8704K, reserved 1048576K
}
Event: 22.683 GC heap before
{Heap before GC invocations=29 (full 0):
 garbage-first heap   total 172032K, used 132515K [0x0000000080000000, 0x0000000100000000)
  region size 1024K, 32 young (32768K), 3 survivors (3072K)
 Metaspace       used 65136K, capacity 66941K, committed 67228K, reserved 1107968K
  class space    used 8224K, capacity 8877K, committed 8960K, reserved 1048576K
}
Event: 22.695 GC heap after
{Heap after GC invocations=30 (full 0):
 garbage-first heap   total 172032K, used 104841K [0x0000000080000000, 0x0000000100000000)
  region size 1024K, 4 young (4096K), 4 survivors (4096K)
 Metaspace       used 65136K, capacity 66941K, committed 67228K, reserved 1107968K
  class space    used 8224K, capacity 8877K, committed 8960K, reserved 1048576K
}
Event: 23.022 GC heap before
{Heap before GC invocations=31 (full 0):
 garbage-first heap   total 172032K, used 118153K [0x0000000080000000, 0x0000000100000000)
  region size 1024K, 18 young (18432K), 4 survivors (4096K)
 Metaspace       used 66348K, capacity 68200K, committed 68380K, reserved 1107968K
  class space    used 8392K, capacity 9082K, committed 9088K, reserved 1048576K
}
Event: 23.041 GC heap after
{Heap after GC invocations=32 (full 0):
 garbage-first heap   total 172032K, used 105938K [0x0000000080000000, 0x0000000100000000)
  region size 1024K, 3 young (3072K), 3 survivors (3072K)
 Metaspace       used 66348K, capacity 68200K, committed 68380K, reserved 1107968K
  class space    used 8392K, capacity 9082K, committed 9088K, reserved 1048576K
}
Event: 24.329 GC heap before
{Heap before GC invocations=33 (full 0):
 garbage-first heap   total 172032K, used 137682K [0x0000000080000000, 0x0000000100000000)
  region size 1024K, 33 young (33792K), 3 survivors (3072K)
 Metaspace       used 69312K, capacity 71124K, committed 71324K, reserved 1112064K
  class space    used 8759K, capacity 9433K, committed 9472K, reserved 1048576K
}
Event: 24.341 GC heap after
{Heap after GC invocations=34 (full 0):
 garbage-first heap   total 172032K, used 106915K [0x0000000080000000, 0x0000000100000000)
  region size 1024K, 3 young (3072K), 3 survivors (3072K)
 Metaspace       used 69312K, capacity 71124K, committed 71324K, reserved 1112064K
  class space    used 8759K, capacity 9433K, committed 9472K, reserved 1048576K
}
Event: 25.033 GC heap before
{Heap before GC invocations=34 (full 0):
 garbage-first heap   total 172032K, used 137635K [0x0000000080000000, 0x0000000100000000)
  region size 1024K, 33 young (33792K), 3 survivors (3072K)
 Metaspace       used 69711K, capacity 71599K, committed 71964K, reserved 1112064K
  class space    used 8822K, capacity 9481K, committed 9600K, reserved 1048576K
}
Event: 25.054 GC heap after
{Heap after GC invocations=35 (full 0):
 garbage-first heap   total 206848K, used 109372K [0x0000000080000000, 0x0000000100000000)
  region size 1024K, 5 young (5120K), 5 survivors (5120K)
 Metaspace       used 69711K, capacity 71599K, committed 71964K, reserved 1112064K
  class space    used 8822K, capacity 9481K, committed 9600K, reserved 1048576K
}
Event: 26.580 GC heap before
{Heap before GC invocations=36 (full 0):
 garbage-first heap   total 206848K, used 154428K [0x0000000080000000, 0x0000000100000000)
  region size 1024K, 49 young (50176K), 5 survivors (5120K)
 Metaspace       used 72884K, capacity 74770K, committed 75036K, reserved 1114112K
  class space    used 9303K, capacity 10007K, committed 10112K, reserved 1048576K
}
Event: 26.601 GC heap after
{Heap after GC invocations=37 (full 0):
 garbage-first heap   total 206848K, used 112861K [0x0000000080000000, 0x0000000100000000)
  region size 1024K, 6 young (6144K), 6 survivors (6144K)
 Metaspace       used 72884K, capacity 74770K, committed 75036K, reserved 1114112K
  class space    used 9303K, capacity 10007K, committed 10112K, reserved 1048576K
}
Event: 27.951 GC heap before
{Heap before GC invocations=37 (full 0):
 garbage-first heap   total 206848K, used 157917K [0x0000000080000000, 0x0000000100000000)
  region size 1024K, 50 young (51200K), 6 survivors (6144K)
 Metaspace       used 76142K, capacity 78057K, committed 78364K, reserved 1118208K
  class space    used 9819K, capacity 10515K, committed 10624K, reserved 1048576K
}
Event: 27.986 GC heap after
{Heap after GC invocations=38 (full 0):
 garbage-first heap   total 206848K, used 115813K [0x0000000080000000, 0x0000000100000000)
  region size 1024K, 7 young (7168K), 7 survivors (7168K)
 Metaspace       used 76142K, capacity 78057K, committed 78364K, reserved 1118208K
  class space    used 9819K, capacity 10515K, committed 10624K, reserved 1048576K
}
Event: 30.950 GC heap before
{Heap before GC invocations=39 (full 0):
 garbage-first heap   total 206848K, used 161893K [0x0000000080000000, 0x0000000100000000)
  region size 1024K, 52 young (53248K), 7 survivors (7168K)
 Metaspace       used 78849K, capacity 80821K, committed 81052K, reserved 1120256K
  class space    used 10186K, capacity 10900K, committed 11008K, reserved 1048576K
}
Event: 30.971 GC heap after
{Heap after GC invocations=40 (full 0):
 garbage-first heap   total 206848K, used 119182K [0x0000000080000000, 0x0000000100000000)
  region size 1024K, 7 young (7168K), 7 survivors (7168K)
 Metaspace       used 78849K, capacity 80821K, committed 81052K, reserved 1120256K
  class space    used 10186K, capacity 10900K, committed 11008K, reserved 1048576K
}
Event: 31.279 GC heap before
{Heap before GC invocations=40 (full 0):
 garbage-first heap   total 206848K, used 122254K [0x0000000080000000, 0x0000000100000000)
  region size 1024K, 11 young (11264K), 7 survivors (7168K)
 Metaspace       used 79350K, capacity 81301K, committed 81564K, reserved 1120256K
  class space    used 10248K, capacity 10932K, committed 11008K, reserved 1048576K
}
Event: 31.300 GC heap after
{Heap after GC invocations=41 (full 0):
 garbage-first heap   total 248832K, used 119950K [0x0000000080000000, 0x0000000100000000)
  region size 1024K, 4 young (4096K), 4 survivors (4096K)
 Metaspace       used 79350K, capacity 81301K, committed 81564K, reserved 1120256K
  class space    used 10248K, capacity 10932K, committed 11008K, reserved 1048576K
}

