# JRE version: OpenJDK Runtime Environment (11.0.13) (build 11.0.13+0-b1751.21-8125866)
# Java VM: OpenJDK 64-Bit Server VM (11.0.13+0-b1751.21-8125866, mixed mode, tiered, compressed oops, g1 gc, windows-amd64)
Heap:
 garbage-first heap   total 285696K, used 191488K [0x0000000080000000, 0x0000000100000000)
  region size 1024K, 41 young (41984K), 9 survivors (9216K)
 Metaspace       used 145846K, capacity 151063K, committed 151856K, reserved 1181696K
  class space    used 17703K, capacity 19599K, committed 19788K, reserved 1048576K
GC Heap History (20 events):
Event: 18736.617 GC heap before
{Heap before GC invocations=221 (full 0):
 garbage-first heap   total 285696K, used 205760K [0x0000000080000000, 0x0000000100000000)
  region size 1024K, 56 young (57344K), 2 survivors (2048K)
 Metaspace       used 145694K, capacity 151041K, committed 151856K, reserved 1181696K
  class space    used 17714K, capacity 19669K, committed 19788K, reserved 1048576K
}
Event: 18736.658 GC heap after
{Heap after GC invocations=222 (full 0):
 garbage-first heap   total 285696K, used 157863K [0x0000000080000000, 0x0000000100000000)
  region size 1024K, 7 young (7168K), 7 survivors (7168K)
 Metaspace       used 145694K, capacity 151041K, committed 151856K, reserved 1181696K
  class space    used 17714K, capacity 19669K, committed 19788K, reserved 1048576K
}
Event: 18741.006 GC heap before
{Heap before GC invocations=223 (full 0):
 garbage-first heap   total 285696K, used 199847K [0x0000000080000000, 0x0000000100000000)
  region size 1024K, 61 young (62464K), 7 survivors (7168K)
 Metaspace       used 145707K, capacity 151054K, committed 151856K, reserved 1181696K
  class space    used 17715K, capacity 19671K, committed 19788K, reserved 1048576K
}
Event: 18741.027 GC heap after
{Heap after GC invocations=224 (full 0):
 garbage-first heap   total 285696K, used 147723K [0x0000000080000000, 0x0000000100000000)
  region size 1024K, 3 young (3072K), 3 survivors (3072K)
 Metaspace       used 145707K, capacity 151054K, committed 151856K, reserved 1181696K
  class space    used 17715K, capacity 19671K, committed 19788K, reserved 1048576K
}
Event: 18741.101 GC heap before
{Heap before GC invocations=224 (full 0):
 garbage-first heap   total 285696K, used 157963K [0x0000000080000000, 0x0000000100000000)
  region size 1024K, 13 young (13312K), 3 survivors (3072K)
 Metaspace       used 145717K, capacity 151060K, committed 151856K, reserved 1181696K
  class space    used 17716K, capacity 19672K, committed 19788K, reserved 1048576K
}
Event: 18741.132 GC heap after
{Heap after GC invocations=225 (full 0):
 garbage-first heap   total 285696K, used 132275K [0x0000000080000000, 0x0000000100000000)
  region size 1024K, 1 young (1024K), 1 survivors (1024K)
 Metaspace       used 145717K, capacity 151060K, committed 151856K, reserved 1181696K
  class space    used 17716K, capacity 19672K, committed 19788K, reserved 1048576K
}
Event: 18741.386 GC heap before
{Heap before GC invocations=225 (full 0):
 garbage-first heap   total 285696K, used 143539K [0x0000000080000000, 0x0000000100000000)
  region size 1024K, 14 young (14336K), 1 survivors (1024K)
 Metaspace       used 145734K, capacity 151070K, committed 151856K, reserved 1181696K
  class space    used 17717K, capacity 19675K, committed 19788K, reserved 1048576K
}
Event: 18741.398 GC heap after
{Heap after GC invocations=226 (full 0):
 garbage-first heap   total 285696K, used 132423K [0x0000000080000000, 0x0000000100000000)
  region size 1024K, 2 young (2048K), 2 survivors (2048K)
 Metaspace       used 145734K, capacity 151070K, committed 151856K, reserved 1181696K
  class space    used 17717K, capacity 19675K, committed 19788K, reserved 1048576K
}
Event: 21533.134 GC heap before
{Heap before GC invocations=227 (full 0):
 garbage-first heap   total 285696K, used 223559K [0x0000000080000000, 0x0000000100000000)
  region size 1024K, 67 young (68608K), 2 survivors (2048K)
 Metaspace       used 145746K, capacity 151076K, committed 151856K, reserved 1181696K
  class space    used 17719K, capacity 19676K, committed 19788K, reserved 1048576K
}
Event: 21533.154 GC heap after
{Heap after GC invocations=228 (full 0):
 garbage-first heap   total 285696K, used 131887K [0x0000000080000000, 0x0000000100000000)
  region size 1024K, 1 young (1024K), 1 survivors (1024K)
 Metaspace       used 145746K, capacity 151076K, committed 151856K, reserved 1181696K
  class space    used 17719K, capacity 19676K, committed 19788K, reserved 1048576K
}
Event: 22203.130 GC heap before
{Heap before GC invocations=228 (full 0):
 garbage-first heap   total 285696K, used 144175K [0x0000000080000000, 0x0000000100000000)
  region size 1024K, 13 young (13312K), 1 survivors (1024K)
 Metaspace       used 145746K, capacity 151076K, committed 151856K, reserved 1181696K
  class space    used 17719K, capacity 19676K, committed 19788K, reserved 1048576K
}
Event: 22203.145 GC heap after
{Heap after GC invocations=229 (full 0):
 garbage-first heap   total 285696K, used 131546K [0x0000000080000000, 0x0000000100000000)
  region size 1024K, 1 young (1024K), 1 survivors (1024K)
 Metaspace       used 145746K, capacity 151076K, committed 151856K, reserved 1181696K
  class space    used 17719K, capacity 19676K, committed 19788K, reserved 1048576K
}
Event: 22723.952 GC heap before
{Heap before GC invocations=229 (full 0):
 garbage-first heap   total 285696K, used 204250K [0x0000000080000000, 0x0000000100000000)
  region size 1024K, 73 young (74752K), 1 survivors (1024K)
 Metaspace       used 145808K, capacity 151140K, committed 151856K, reserved 1181696K
  class space    used 17719K, capacity 19676K, committed 19788K, reserved 1048576K
}
Event: 22723.994 GC heap after
{Heap after GC invocations=230 (full 0):
 garbage-first heap   total 285696K, used 139270K [0x0000000080000000, 0x0000000100000000)
  region size 1024K, 9 young (9216K), 9 survivors (9216K)
 Metaspace       used 145808K, capacity 151140K, committed 151856K, reserved 1181696K
  class space    used 17719K, capacity 19676K, committed 19788K, reserved 1048576K
}
Event: 22727.660 GC heap before
{Heap before GC invocations=231 (full 0):
 garbage-first heap   total 285696K, used 214022K [0x0000000080000000, 0x0000000100000000)
  region size 1024K, 81 young (82944K), 9 survivors (9216K)
 Metaspace       used 145498K, capacity 150638K, committed 151856K, reserved 1181696K
  class space    used 17656K, capacity 19558K, committed 19788K, reserved 1048576K
}
Event: 22727.766 GC heap after
{Heap after GC invocations=232 (full 0):
 garbage-first heap   total 285696K, used 147982K [0x0000000080000000, 0x0000000100000000)
  region size 1024K, 9 young (9216K), 9 survivors (9216K)
 Metaspace       used 145498K, capacity 150638K, committed 151856K, reserved 1181696K
  class space    used 17656K, capacity 19558K, committed 19788K, reserved 1048576K
}
Event: 22727.780 GC heap before
{Heap before GC invocations=232 (full 0):
 garbage-first heap   total 285696K, used 152078K [0x0000000080000000, 0x0000000100000000)
  region size 1024K, 13 young (13312K), 9 survivors (9216K)
 Metaspace       used 145498K, capacity 150638K, committed 151856K, reserved 1181696K
  class space    used 17656K, capacity 19558K, committed 19788K, reserved 1048576K
}
Event: 22727.866 GC heap after
{Heap after GC invocations=233 (full 0):
 garbage-first heap   total 285696K, used 148313K [0x0000000080000000, 0x0000000100000000)
  region size 1024K, 2 young (2048K), 2 survivors (2048K)
 Metaspace       used 145498K, capacity 150638K, committed 151856K, reserved 1181696K
  class space    used 17656K, capacity 19558K, committed 19788K, reserved 1048576K
}
Event: 22790.038 GC heap before
{Heap before GC invocations=233 (full 0):
 garbage-first heap   total 285696K, used 216921K [0x0000000080000000, 0x0000000100000000)
  region size 1024K, 70 young (71680K), 2 survivors (2048K)
 Metaspace       used 145839K, capacity 151057K, committed 151856K, reserved 1181696K
  class space    used 17703K, capacity 19598K, committed 19788K, reserved 1048576K
}
Event: 22790.092 GC heap after
{Heap after GC invocations=234 (full 0):
 garbage-first heap   total 285696K, used 160768K [0x0000000080000000, 0x0000000100000000)
  region size 1024K, 9 young (9216K), 9 survivors (9216K)
 Metaspace       used 145839K, capacity 151057K, committed 151856K, reserved 1181696K
  class space    used 17703K, capacity 19598K, committed 19788K, reserved 1048576K
}

